Arguments: 
  /Users/ruchiang/.nvm/versions/node/v14.18.3/bin/node /Users/ruchiang/.nvm/versions/node/v14.18.3/bin/yarn

PATH: 
  /Users/ruchiang/.nvm/versions/node/v14.18.3/bin:/Users/ruchiang/solana/bin:/opt/homebrew/bin:/opt/homebrew/sbin:/usr/local/bin:/usr/bin:/bin:/usr/sbin:/sbin:/usr/local/go/bin:/Users/ruchiang/.cargo/bin

Yarn version: 
  1.22.17

Node version: 
  14.18.3

Platform: 
  darwin x64

Trace: 
  Error: https://registry.yarnpkg.com/solana-candy-shop-schema: Not found
      at Request.params.callback [as _callback] (/Users/ruchiang/.nvm/versions/node/v14.18.3/lib/node_modules/yarn/lib/cli.js:67029:18)
      at Request.self.callback (/Users/ruchiang/.nvm/versions/node/v14.18.3/lib/node_modules/yarn/lib/cli.js:140883:22)
      at Request.emit (events.js:400:28)
      at Request.<anonymous> (/Users/ruchiang/.nvm/versions/node/v14.18.3/lib/node_modules/yarn/lib/cli.js:141855:10)
      at Request.emit (events.js:400:28)
      at IncomingMessage.<anonymous> (/Users/ruchiang/.nvm/versions/node/v14.18.3/lib/node_modules/yarn/lib/cli.js:141777:12)
      at Object.onceWrapper (events.js:519:28)
      at IncomingMessage.emit (events.js:412:35)
      at endReadableNT (internal/streams/readable.js:1334:12)
      at processTicksAndRejections (internal/process/task_queues.js:82:21)

npm manifest: 
  {
    "name": "candy-shop",
    "version": "1.0.0",
    "description": "Javascript SDK for Solana Candy Shop",
    "main": "index.js",
    "scripts": {
      "test": "echo \"Error: no test specified\" && exit 1"
    },
    "repository": {
      "type": "git",
      "url": "git+https://github.com/LIQNFT/solana-candy-shop-sdk.git"
    },
    "keywords": [
      "Solana",
      "Candy",
      "Shop"
    ],
    "author": "LIQNFT",
    "license": "Apache-2.0",
    "bugs": {
      "url": "https://github.com/LIQNFT/solana-candy-shop-sdk/issues"
    },
    "homepage": "https://github.com/LIQNFT/solana-candy-shop-sdk#readme",
    "dependencies": {
      "solana-candy-shop-schema" : "git@github.com:LIQNFT/solana-candy-shop-schema.git"
    },
    "devDependencies": {
      "typescript": "^4.6.2"
    }
  }

yarn manifest: 
  No manifest

Lockfile: 
  # THIS IS AN AUTOGENERATED FILE. DO NOT EDIT THIS FILE DIRECTLY.
  # yarn lockfile v1
  
  
  typescript@^4.6.2:
    version "4.6.2"
    resolved "https://registry.yarnpkg.com/typescript/-/typescript-4.6.2.tgz#fe12d2727b708f4eef40f51598b3398baa9611d4"
    integrity sha512-HM/hFigTBHZhLXshn9sN37H085+hQGeJHJ/X7LpBWLID/fbc2acUMfU+lGD98X81sKP+pFa9f0DZmCwB9GnbAg==
